2026-02-21 17:35:41,812 - INFO - Temporary directory: C:\Users\adamg\AppData\Local\Temp
2026-02-21 17:35:41,814 - INFO - Downloading https://stooq.pl/q/d/l/?s=wig20tr&i=d with User-Agent: Mozilla/5.0 (Windows NT 10.0; Win64; x64) AppleWebKit/537.36 (KHTML, like Gecko) Chrome/120.0.0.0 Safari/537.36
2026-02-21 17:35:42,526 - INFO - Downloaded and saved: C:\Users\adamg\AppData\Local\Temp\w20tr.csv
2026-02-21 17:35:42,554 - INFO - \u2705 CSV file loaded successfully and processed.
2026-02-21 18:15:30,059 - INFO - Temporary directory: C:\Users\adamg\AppData\Local\Temp
2026-02-21 18:15:30,060 - INFO - Downloading https://stooq.pl/q/d/l/?s=wig20tr&i=d with User-Agent: Mozilla/5.0 (Macintosh; Intel Mac OS X 11_5_2) AppleWebKit/537.36 (KHTML, like Gecko) Safari/605.1.15
2026-02-21 18:15:30,710 - INFO - Downloaded and saved: C:\Users\adamg\AppData\Local\Temp\w20tr.csv
2026-02-21 18:15:30,730 - INFO - \u2705 CSV file loaded successfully and processed.
2026-02-21 18:16:39,094 - INFO - Temporary directory: C:\Users\adamg\AppData\Local\Temp
2026-02-21 18:16:39,095 - INFO - Downloading https://stooq.pl/q/d/l/?s=wig20tr&i=d with User-Agent: Mozilla/5.0 (Windows NT 10.0; Win64; x64) AppleWebKit/537.36 (KHTML, like Gecko) Firefox/118.0
2026-02-21 18:16:39,972 - INFO - Downloaded and saved: C:\Users\adamg\AppData\Local\Temp\w20tr.csv
2026-02-21 18:16:39,991 - INFO - \u2705 CSV file loaded successfully and processed.
2026-02-21 19:02:10,762 - INFO - Temporary directory: C:\Users\adamg\AppData\Local\Temp
2026-02-21 19:02:10,764 - INFO - Downloading https://stooq.pl/q/d/l/?s=wig20tr&i=d with User-Agent: Mozilla/5.0 (Windows NT 10.0; Win64; x64) AppleWebKit/537.36 (KHTML, like Gecko) Firefox/118.0
2026-02-21 19:02:11,431 - INFO - Downloaded and saved: C:\Users\adamg\AppData\Local\Temp\w20tr.csv
2026-02-21 19:02:11,454 - INFO - \u2705 CSV file loaded successfully and processed.
2026-02-21 19:09:17,814 - INFO - Temporary directory: C:\Users\adamg\AppData\Local\Temp
2026-02-21 19:09:17,815 - INFO - Downloading https://stooq.pl/q/d/l/?s=wig20tr&i=d with User-Agent: Mozilla/5.0 (Windows NT 10.0; Win64; x64) AppleWebKit/537.36 (KHTML, like Gecko) Chrome/120.0.0.0 Safari/537.36
2026-02-21 19:09:18,459 - INFO - Downloaded and saved: C:\Users\adamg\AppData\Local\Temp\w20tr.csv
2026-02-21 19:09:18,480 - INFO - \u2705 CSV file loaded successfully and processed.
2026-02-21 20:02:00,702 - INFO - Temporary directory: C:\Users\adamg\AppData\Local\Temp
2026-02-21 20:02:00,704 - INFO - Downloading https://stooq.pl/q/d/l/?s=wig20tr&i=d with User-Agent: Mozilla/5.0 (Macintosh; Intel Mac OS X 10_15_7) AppleWebKit/537.36 (KHTML, like Gecko) Chrome/119.0.0.0 Safari/537.36
2026-02-21 20:02:01,356 - INFO - Downloaded and saved: C:\Users\adamg\AppData\Local\Temp\w20tr.csv
2026-02-21 20:02:01,377 - INFO - \u2705 CSV file loaded successfully and processed.
